<?xml version="1.0" encoding="UTF-8"?>
<!-- Generated by org.testng.reporters.JUnitReportReporter -->
<testsuite hostname="DESKTOP-OFOTN69" failures="0" tests="2" name="testng_package.Test_ng_class" time="14.413" errors="0" timestamp="2024-06-18T17:28:05 IST" skipped="0">
  <testcase classname="testng_package.Test_ng_class" name="search" time="10.166"/>
  <testcase classname="testng_package.Test_ng_class" name="sendk" time="4.247"/>
</testsuite> <!-- testng_package.Test_ng_class -->
