<?xml version="1.0" encoding="UTF-8"?>
<!-- Generated by org.testng.reporters.JUnitReportReporter -->
<testsuite hostname="DESKTOP-OFOTN69" failures="0" tests="4" name="testng_package.Invocation_count" time="0.023" errors="0" timestamp="2024-06-19T09:10:22 IST" skipped="1">
  <testcase classname="testng_package.Invocation_count" name="name" time="0.018"/>
  <testcase classname="testng_package.Invocation_count" name="name" time="0.002"/>
  <testcase classname="testng_package.Invocation_count" name="country" time="0.003"/>
  <testcase classname="testng_package.Invocation_count" name="city">
    <skipped/>
  </testcase> <!-- city -->
</testsuite> <!-- testng_package.Invocation_count -->
