<?xml version="1.0" encoding="UTF-8"?>
<!-- Generated by org.testng.reporters.JUnitReportReporter -->
<testsuite hostname="DESKTOP-OFOTN69" failures="0" tests="1" name="testng_package.NewTest" time="0.013" errors="0" timestamp="2024-06-19T08:13:27 IST" skipped="0">
  <testcase classname="testng_package.NewTest" name="f" time="0.013"/>
</testsuite> <!-- testng_package.NewTest -->
