<?xml version="1.0" encoding="UTF-8"?>
<!-- Generated by org.testng.reporters.JUnitReportReporter -->
<testsuite hostname="DESKTOP-OFOTN69" failures="0" tests="5" name="testng_package.Parameter" time="0.044" errors="0" timestamp="2024-06-19T08:43:42 IST" skipped="0">
  <testcase classname="testng_package.Parameter" name="f4" time="0.012"/>
  <testcase classname="testng_package.Parameter" name="f2" time="0.007"/>
  <testcase classname="testng_package.Parameter" name="f3" time="0.007"/>
  <testcase classname="testng_package.Parameter" name="f1" time="0.003"/>
  <testcase classname="testng_package.Parameter" name="f" time="0.015"/>
</testsuite> <!-- testng_package.Parameter -->
