<?xml version="1.0" encoding="UTF-8"?>
<!-- Generated by org.testng.reporters.JUnitReportReporter -->
<testsuite hostname="DESKTOP-OFOTN69" failures="0" tests="3" name="testng_package.DependsonMethod" time="0.026" errors="0" timestamp="2024-06-19T09:21:52 IST" skipped="0">
  <testcase classname="testng_package.DependsonMethod" name="hiturl" time="0.004"/>
  <testcase classname="testng_package.DependsonMethod" name="webelement" time="0.005"/>
  <testcase classname="testng_package.DependsonMethod" name="launchBrowser" time="0.017"/>
</testsuite> <!-- testng_package.DependsonMethod -->
