<?xml version="1.0" encoding="UTF-8"?>
<!-- Generated by org.testng.reporters.JUnitReportReporter -->
<testsuite hostname="DESKTOP-OFOTN69" failures="0" tests="6" name="testng_package.Groups_parameter" time="0.036" errors="0" timestamp="2024-06-19T09:46:55 IST" skipped="0">
  <testcase classname="testng_package.Groups_parameter" name="search_sendkeys" time="0.003"/>
  <testcase classname="testng_package.Groups_parameter" name="select_option" time="0.003"/>
  <testcase classname="testng_package.Groups_parameter" name="browser_launch" time="0.017"/>
  <testcase classname="testng_package.Groups_parameter" name="search_locate" time="0.003"/>
  <testcase classname="testng_package.Groups_parameter" name="urlhit" time="0.009"/>
  <testcase classname="testng_package.Groups_parameter" name="click_search" time="0.001"/>
</testsuite> <!-- testng_package.Groups_parameter -->
