<?xml version="1.0" encoding="UTF-8"?>
<!-- Generated by org.testng.reporters.JUnitReportReporter -->
<testsuite hostname="DESKTOP-OFOTN69" failures="0" tests="2" name="testng_package.Test_ng_class" time="8.744" errors="0" timestamp="2024-06-19T08:13:27 IST" skipped="0">
  <testcase classname="testng_package.Test_ng_class" name="search" time="2.663"/>
  <testcase classname="testng_package.Test_ng_class" name="sendk" time="6.081"/>
</testsuite> <!-- testng_package.Test_ng_class -->
