<?xml version="1.0" encoding="UTF-8"?>
<!-- Generated by org.testng.reporters.JUnitReportReporter -->
<testsuite hostname="DESKTOP-OFOTN69" failures="0" tests="1" name="properties_fetch.Executable_propertifile" time="11.304" errors="0" timestamp="2024-07-02T19:08:22 IST" skipped="0">
  <testcase classname="properties_fetch.Executable_propertifile" name="f" time="11.304"/>
  <system-out/>
</testsuite> <!-- properties_fetch.Executable_propertifile -->
